99.08.14 18:32 B e:\webpage\4face.jpg --> ftp.concentric.net /U/J/Jimiki 4face.jpg
99.08.14 18:33 B e:\webpage\apsara.jpg --> ftp.concentric.net /U/J/Jimiki apsara.jpg
99.08.14 18:41 B E:\webpage\apsara1.jpg --> ftp.concentric.net /U/J/Jimiki apsara1.jpg
99.08.14 18:42 B E:\webpage\apsara3.jpg --> ftp.concentric.net /U/J/Jimiki apsara3.jpg
99.08.14 18:43 B E:\webpage\aw1.jpg --> ftp.concentric.net /U/J/Jimiki aw1.jpg
99.08.14 18:44 B E:\webpage\bakheng_phnom.jpg --> ftp.concentric.net /U/J/Jimiki bakheng_phnom.jpg
99.08.14 18:45 B E:\webpage\bktemple.jpg --> ftp.concentric.net /U/J/Jimiki bktemple.jpg
99.08.14 18:47 B E:\webpage\apsara3.jpg --> ftp.concentric.net /U/J/Jimiki apsara3.jpg
99.08.14 18:48 B E:\webpage\aw1.jpg --> ftp.concentric.net /U/J/Jimiki aw1.jpg
99.08.14 18:49 B E:\webpage\bakheng_phnom.jpg --> ftp.concentric.net /U/J/Jimiki bakheng_phnom.jpg
99.08.14 18:51 B E:\webpage\bktemple.jpg --> ftp.concentric.net /U/J/Jimiki bktemple.jpg
99.08.14 18:51 B E:\webpage\buddhaline.jpg --> ftp.concentric.net /U/J/Jimiki buddhaline.jpg
99.08.14 18:52 B E:\webpage\carvings.jpg --> ftp.concentric.net /U/J/Jimiki carvings.jpg
99.08.14 18:54 B E:\webpage\causeway1.jpg --> ftp.concentric.net /U/J/Jimiki causeway1.jpg
99.08.14 18:55 B E:\webpage\causeway2.jpg --> ftp.concentric.net /U/J/Jimiki causeway2.jpg
99.08.14 18:56 B E:\webpage\causeway2a.jpg --> ftp.concentric.net /U/J/Jimiki causeway2a.jpg
99.08.14 18:57 B E:\webpage\chiangmai.jpg --> ftp.concentric.net /U/J/Jimiki chiangmai.jpg
99.08.14 18:58 B E:\webpage\corner.jpg --> ftp.concentric.net /U/J/Jimiki corner.jpg
99.08.14 18:58 B E:\webpage\dank&tye.jpg --> ftp.concentric.net /U/J/Jimiki dank&tye.jpg
99.08.14 19:00 B E:\webpage\doitung.jpg --> ftp.concentric.net /U/J/Jimiki doitung.jpg
99.08.14 19:02 B E:\webpage\doitung2.jpg --> ftp.concentric.net /U/J/Jimiki doitung2.jpg
99.08.14 19:03 B E:\webpage\earth3_112k.gif --> ftp.concentric.net /U/J/Jimiki earth3_112k.gif
99.08.14 19:04 B E:\webpage\entrance.jpg --> ftp.concentric.net /U/J/Jimiki entrance.jpg
99.08.14 19:05 B E:\webpage\entrancel.jpg --> ftp.concentric.net /U/J/Jimiki entrancel.jpg
99.08.14 19:19 B E:\webpage\freedom.jpg --> ftp.concentric.net /U/J/Jimiki freedom.jpg
99.08.14 19:20 B E:\webpage\goldentri.jpg --> ftp.concentric.net /U/J/Jimiki goldentri.jpg
99.08.14 19:20 B E:\webpage\index.htm --> ftp.concentric.net /U/J/Jimiki index.htm
99.08.14 19:20 B E:\webpage\leftframe.htm --> ftp.concentric.net /U/J/Jimiki leftframe.htm
99.08.14 19:21 B E:\webpage\library.jpg --> ftp.concentric.net /U/J/Jimiki library.jpg
99.08.14 19:22 B E:\webpage\longneck1.jpg --> ftp.concentric.net /U/J/Jimiki longneck1.jpg
99.08.14 19:23 B E:\webpage\maehongson.jpg --> ftp.concentric.net /U/J/Jimiki maehongson.jpg
99.08.14 19:26 B E:\webpage\maehongson1.jpg --> ftp.concentric.net /U/J/Jimiki maehongson1.jpg
99.08.14 19:31 B E:\webpage\moat.jpg --> ftp.concentric.net /U/J/Jimiki moat.jpg
99.08.14 19:31 B E:\webpage\moat1.jpg --> ftp.concentric.net /U/J/Jimiki moat1.jpg
99.08.14 19:32 B E:\webpage\perimeter.jpg --> ftp.concentric.net /U/J/Jimiki perimeter.jpg
99.08.14 19:33 B E:\webpage\pool.jpg --> ftp.concentric.net /U/J/Jimiki pool.jpg
99.08.14 19:34 B E:\webpage\port.jpg --> ftp.concentric.net /U/J/Jimiki port.jpg
99.08.14 19:38 B E:\webpage\reflection.jpg --> ftp.concentric.net /U/J/Jimiki reflection.jpg
99.08.14 19:38 B E:\webpage\rightframe.htm --> ftp.concentric.net /U/J/Jimiki rightframe.htm
99.08.14 19:39 B E:\webpage\street.jpg --> ftp.concentric.net /U/J/Jimiki street.jpg
99.08.14 19:40 B E:\webpage\swing.jpg --> ftp.concentric.net /U/J/Jimiki swing.jpg
99.08.14 19:40 B E:\webpage\taprohm1.jpg --> ftp.concentric.net /U/J/Jimiki taprohm1.jpg
99.08.14 19:43 B E:\webpage\taprohm2.jpg --> ftp.concentric.net /U/J/Jimiki taprohm2.jpg
99.08.14 19:46 B E:\webpage\taprohm3.jpg --> ftp.concentric.net /U/J/Jimiki taprohm3.jpg
99.08.14 19:47 B E:\webpage\taprohm4.jpg --> ftp.concentric.net /U/J/Jimiki taprohm4.jpg
99.08.14 19:48 B E:\webpage\temple3.jpg --> ftp.concentric.net /U/J/Jimiki temple3.jpg
99.08.14 19:49 B E:\webpage\tower1.jpg --> ftp.concentric.net /U/J/Jimiki tower1.jpg
99.08.14 19:50 B E:\webpage\tower2.jpg --> ftp.concentric.net /U/J/Jimiki tower2.jpg
99.08.14 19:51 B E:\webpage\tower3.jpg --> ftp.concentric.net /U/J/Jimiki tower3.jpg
99.08.14 19:54 B E:\webpage\index.htm --> ftp.concentric.net /U/J/Jimiki index.htm
99.08.14 20:06 B E:\webpage\4face.jpg --> ftp.concentric.net /U1/J/Jimiki 4face.jpg
99.08.14 20:07 B E:\webpage\apsara.jpg --> ftp.concentric.net /U1/J/Jimiki apsara.jpg
99.08.14 20:08 B E:\webpage\apsara1.jpg --> ftp.concentric.net /U1/J/Jimiki apsara1.jpg
99.08.14 20:09 B E:\webpage\apsara3.jpg --> ftp.concentric.net /U1/J/Jimiki apsara3.jpg
99.08.14 20:10 B E:\webpage\aw1.jpg --> ftp.concentric.net /U1/J/Jimiki aw1.jpg
99.08.14 20:11 B E:\webpage\bakheng_phnom.jpg --> ftp.concentric.net /U1/J/Jimiki bakheng_phnom.jpg
99.08.14 20:12 B E:\webpage\bktemple.jpg --> ftp.concentric.net /U1/J/Jimiki bktemple.jpg
99.08.14 20:12 B E:\webpage\buddhaline.jpg --> ftp.concentric.net /U1/J/Jimiki buddhaline.jpg
99.08.14 20:14 B E:\webpage\carvings.jpg --> ftp.concentric.net /U1/J/Jimiki carvings.jpg
99.08.14 20:14 B E:\webpage\causeway1.jpg --> ftp.concentric.net /U1/J/Jimiki causeway1.jpg
99.08.14 20:15 B E:\webpage\causeway2.jpg --> ftp.concentric.net /U1/J/Jimiki causeway2.jpg
99.08.14 20:15 B E:\webpage\causeway2a.jpg --> ftp.concentric.net /U1/J/Jimiki causeway2a.jpg
99.08.14 20:16 B E:\webpage\chiangmai.jpg --> ftp.concentric.net /U1/J/Jimiki chiangmai.jpg
99.08.14 20:17 B E:\webpage\corner.jpg --> ftp.concentric.net /U1/J/Jimiki corner.jpg
99.08.14 20:17 B E:\webpage\dank&tye.jpg --> ftp.concentric.net /U1/J/Jimiki dank&tye.jpg
99.08.14 20:19 B E:\webpage\doitung.jpg --> ftp.concentric.net /U1/J/Jimiki doitung.jpg
99.08.14 20:20 B E:\webpage\doitung2.jpg --> ftp.concentric.net /U1/J/Jimiki doitung2.jpg
99.08.14 20:21 B E:\webpage\earth3_112k.gif --> ftp.concentric.net /U1/J/Jimiki earth3_112k.gif
99.08.14 20:22 B E:\webpage\entrance.jpg --> ftp.concentric.net /U1/J/Jimiki entrance.jpg
99.08.14 20:23 B E:\webpage\entrancel.jpg --> ftp.concentric.net /U1/J/Jimiki entrancel.jpg
99.08.14 20:24 B E:\webpage\freedom.jpg --> ftp.concentric.net /U1/J/Jimiki freedom.jpg
99.08.14 20:25 B E:\webpage\goldentri.jpg --> ftp.concentric.net /U1/J/Jimiki goldentri.jpg
99.08.14 20:25 B E:\webpage\index.htm --> ftp.concentric.net /U1/J/Jimiki index.htm
99.08.14 20:25 B E:\webpage\leftframe.htm --> ftp.concentric.net /U1/J/Jimiki leftframe.htm
99.08.14 20:26 B E:\webpage\library.jpg --> ftp.concentric.net /U1/J/Jimiki library.jpg
99.08.14 20:27 B E:\webpage\longneck1.jpg --> ftp.concentric.net /U1/J/Jimiki longneck1.jpg
99.08.14 20:27 B E:\webpage\maehongson.jpg --> ftp.concentric.net /U1/J/Jimiki maehongson.jpg
99.08.14 20:28 B E:\webpage\maehongson1.jpg --> ftp.concentric.net /U1/J/Jimiki maehongson1.jpg
99.08.14 20:29 B E:\webpage\moat.jpg --> ftp.concentric.net /U1/J/Jimiki moat.jpg
99.08.14 20:29 B E:\webpage\moat1.jpg --> ftp.concentric.net /U1/J/Jimiki moat1.jpg
99.08.14 20:30 B E:\webpage\perimeter.jpg --> ftp.concentric.net /U1/J/Jimiki perimeter.jpg
99.08.14 20:31 B E:\webpage\pool.jpg --> ftp.concentric.net /U1/J/Jimiki pool.jpg
99.08.14 20:32 B E:\webpage\port.jpg --> ftp.concentric.net /U1/J/Jimiki port.jpg
99.08.14 20:33 B E:\webpage\reflection.jpg --> ftp.concentric.net /U1/J/Jimiki reflection.jpg
99.08.14 20:33 B E:\webpage\rightframe.htm --> ftp.concentric.net /U1/J/Jimiki rightframe.htm
99.08.14 20:34 B E:\webpage\street.jpg --> ftp.concentric.net /U1/J/Jimiki street.jpg
99.08.14 20:35 B E:\webpage\swing.jpg --> ftp.concentric.net /U1/J/Jimiki swing.jpg
99.08.14 20:36 B E:\webpage\taprohm1.jpg --> ftp.concentric.net /U1/J/Jimiki taprohm1.jpg
99.08.14 20:37 B E:\webpage\taprohm2.jpg --> ftp.concentric.net /U1/J/Jimiki taprohm2.jpg
99.08.14 20:38 B E:\webpage\taprohm3.jpg --> ftp.concentric.net /U1/J/Jimiki taprohm3.jpg
99.08.14 20:39 B E:\webpage\taprohm4.jpg --> ftp.concentric.net /U1/J/Jimiki taprohm4.jpg
99.08.14 20:40 B E:\webpage\temple3.jpg --> ftp.concentric.net /U1/J/Jimiki temple3.jpg
99.08.14 20:41 B E:\webpage\tower1.jpg --> ftp.concentric.net /U1/J/Jimiki tower1.jpg
99.08.14 20:42 B E:\webpage\tower2.jpg --> ftp.concentric.net /U1/J/Jimiki tower2.jpg
99.08.14 20:43 B E:\webpage\tower3.jpg --> ftp.concentric.net /U1/J/Jimiki tower3.jpg
99.08.14 21:11 B E:\webpage\index.htm --> ftp.concentric.net /U1/J/Jimiki index.htm
99.08.14 21:14 B E:\webpage\index.htm --> ftp.concentric.net /U1/J/Jimiki index.htm
99.08.14 21:15 B E:\webpage\leftframe.htm --> ftp.concentric.net /U1/J/Jimiki leftframe.htm
99.08.17 22:16 B E:\webpage\rightframe.htm --> ftp.concentric.net /U1/J/Jimiki rightframe.htm
99.08.17 22:19 B E:\webpage\index.htm --> ftp.concentric.net /U1/J/Jimiki index.htm
99.08.17 23:35 B E:\webpage\rightframe.htm --> ftp.concentric.net /U/J/Jimiki rightframe.htm
99.08.18 16:45 B E:\webpage\index.htm --> ftp.concentric.net /U/J/Jimiki index.htm
99.08.18 16:45 B E:\webpage\rightframe.shtml --> ftp.concentric.net /U/J/Jimiki rightframe.shtml
99.08.18 16:48 B E:\webpage\index.htm --> ftp.concentric.net /U/J/Jimiki index.htm
99.08.18 16:51 B E:\webpage\index.htm --> ftp.concentric.net /U/J/Jimiki index.htm
99.08.18 16:52 B E:\webpage\index.htm --> ftp.concentric.net /U1/J/Jimiki index.htm
99.08.18 16:52 B E:\webpage\rightframe.shtml --> ftp.concentric.net /U1/J/Jimiki rightframe.shtml
99.08.18 16:54 B E:\webpage\index.htm --> ftp.concentric.net /U1/J/Jimiki index.htm
99.08.18 16:54 B E:\webpage\rightframe.shtml --> ftp.concentric.net /U1/J/Jimiki rightframe.shtml
99.08.18 16:55 B E:\webpage\index.htm --> ftp.concentric.net /U1/J/Jimiki index.htm
99.08.18 16:55 B E:\webpage\rightframe.shtml --> ftp.concentric.net /U1/J/Jimiki rightframe.shtml
99.08.25 18:42 B E:\webpage\apsara1.jpg --> ftp.concentric.net /U/J/Jimiki apsara1.jpg
99.08.25 18:44 B E:\webpage\rightframe.shtml --> ftp.concentric.net /U1/J/Jimiki rightframe.shtml
99.09.01 21:19 B E:\webpage\doitung2.jpg --> ftp.concentric.net /U1/J/Jimiki doitung2.jpg
